
{"level":"info","message":"GET /tasks/todo?_rsc=6gp6g","timestamp":"2024-05-25T20:07:09.981Z"}
{"level":"info","message":"GET /tasks/todo","timestamp":"2024-05-25T20:07:09.999Z"}
{"level":"info","message":"GET /users","timestamp":"2024-05-27T20:36:03.394Z"}
{"level":"info","message":"GET /users","timestamp":"2024-05-27T20:38:25.360Z"}
{"level":"info","message":"GET /jobs","timestamp":"2024-05-27T20:44:28.161Z"}
{"level":"info","message":"GET /jobs","timestamp":"2024-05-27T20:44:41.244Z"}
{"level":"info","message":"GET /jobs","timestamp":"2024-05-27T20:44:41.897Z"}
{"level":"info","message":"GET /jobs","timestamp":"2024-05-27T20:44:42.338Z"}
{"level":"info","message":"GET /jobs","timestamp":"2024-05-27T20:44:42.772Z"}
{"level":"info","message":"GET /jobs","timestamp":"2024-05-27T20:47:09.684Z"}
{"level":"info","message":"GET /api/v1/JOBS","timestamp":"2024-05-27T22:42:40.569Z"}
{"level":"info","message":"GET /api/v1/jobs","timestamp":"2024-05-27T22:43:35.468Z"}
{"level":"info","message":"GET /api/v1/jobs","timestamp":"2024-05-27T22:48:00.570Z"}
{"level":"info","message":"GET /jobs","timestamp":"2024-05-27T22:49:57.805Z"}
{"level":"info","message":"GET /jobs","timestamp":"2024-05-27T22:52:32.600Z"}
{"level":"info","message":"GET /jobs","timestamp":"2024-05-27T22:58:30.954Z"}
{"level":"info","message":"GET /api/v1/jobs","timestamp":"2024-05-27T22:58:45.311Z"}
{"level":"info","message":"GET /api/v1/jobs","timestamp":"2024-05-27T22:59:10.172Z"}
{"level":"info","message":"GET /api/v1/jobs","timestamp":"2024-05-27T23:00:50.111Z"}
{"level":"info","message":"GET /api/v1/users/create","timestamp":"2024-05-27T23:03:07.044Z"}
{"level":"info","message":"POST /api/v1/users/create","timestamp":"2024-05-27T23:03:12.485Z"}
{"level":"info","message":"POST /api/v1/users/create","timestamp":"2024-05-27T23:04:17.790Z"}
{"level":"info","message":"POST /api/v1/users/create","timestamp":"2024-05-27T23:04:30.844Z"}
{"level":"info","message":"POST /api/v1/users/create","timestamp":"2024-05-27T23:06:09.596Z"}
{"level":"info","message":"POST /api/v1/users/create","timestamp":"2024-05-27T23:06:21.427Z"}
{"level":"info","message":"POST /api/v1/users/create","timestamp":"2024-05-27T23:10:08.088Z"}
{"level":"info","message":"POST /api/v1/users/create","timestamp":"2024-05-27T23:13:31.447Z"}
{"level":"info","message":"POST /api/v1/users/create","timestamp":"2024-05-27T23:14:31.813Z"}
{"level":"info","message":"POST /api/v1/users/create","timestamp":"2024-05-27T23:17:58.612Z"}
{"level":"info","message":"POST /api/v1/users/create","timestamp":"2024-05-27T23:18:05.674Z"}
{"level":"info","message":"POST /api/v1/users/create","timestamp":"2024-05-27T23:18:40.698Z"}
{"level":"info","message":"POST /api/v1/users/create","timestamp":"2024-05-27T23:19:11.903Z"}
{"level":"info","message":"POST /api/v1/users/create","timestamp":"2024-05-27T23:19:16.478Z"}
{"level":"info","message":"POST /api/v1/users/create","timestamp":"2024-05-27T23:20:46.320Z"}
{"level":"info","message":"POST /api/v1/users/create","timestamp":"2024-05-27T23:20:48.997Z"}
{"level":"info","message":"POST /api/v1/users/create","timestamp":"2024-05-27T23:20:50.832Z"}
{"level":"info","message":"POST /api/v1/users/create","timestamp":"2024-05-27T23:20:52.772Z"}
{"level":"info","message":"POST /api/v1/users/create","timestamp":"2024-05-27T23:20:53.174Z"}
{"level":"info","message":"POST /api/v1/users/create","timestamp":"2024-05-27T23:21:11.074Z"}
{"level":"info","message":"POST /api/v1/users/create","timestamp":"2024-05-27T23:22:26.398Z"}
{"level":"info","message":"POST /api/v1/users/create","timestamp":"2024-05-27T23:22:53.626Z"}
{"level":"info","message":"POST /api/v1/users/create","timestamp":"2024-05-27T23:22:58.842Z"}
{"level":"info","message":"POST /api/v1/users/create","timestamp":"2024-05-27T23:23:20.873Z"}
{"level":"info","message":"POST /api/v1/users/create","timestamp":"2024-05-27T23:23:22.364Z"}
{"level":"info","message":"POST /api/v1/users/create","timestamp":"2024-05-27T23:25:03.757Z"}
{"level":"info","message":"POST /api/v1/users/create","timestamp":"2024-05-27T23:39:29.667Z"}
{"level":"info","message":"POST /api/v1/users/create","timestamp":"2024-05-27T23:39:32.666Z"}
{"level":"info","message":"POST /api/v1/users/create","timestamp":"2024-05-27T23:39:47.357Z"}
{"level":"info","message":"POST /api/v1/users/create","timestamp":"2024-05-27T23:39:50.258Z"}
{"level":"info","message":"POST /api/v1/users/generate-api-Key","timestamp":"2024-05-27T23:42:42.170Z"}
{"level":"info","message":"POST /api/v1/users/generate-api-Key","timestamp":"2024-05-27T23:43:10.365Z"}
{"level":"info","message":"POST /api/v1/users","timestamp":"2024-05-27T23:44:13.700Z"}
{"level":"info","message":"POST /api/v1/users","timestamp":"2024-05-27T23:44:17.232Z"}
{"level":"info","message":"GET /api/v1/users","timestamp":"2024-05-27T23:44:20.762Z"}
{"level":"info","message":"GET /api/v1/users/generate-api-Key","timestamp":"2024-05-27T23:44:36.666Z"}
{"level":"info","message":"POST /api/v1/users/generate-api-Key","timestamp":"2024-05-27T23:44:42.594Z"}
{"level":"info","message":"POST /api/v1/users/generate-api-Key","timestamp":"2024-05-27T23:45:45.903Z"}
{"level":"info","message":"GET /api/auth/signin","timestamp":"2024-05-28T08:11:32.759Z"}
{"level":"info","message":"POST /api-key","timestamp":"2024-05-28T08:11:59.504Z"}
{"level":"info","message":"POST /ap/v1/","timestamp":"2024-05-28T08:14:21.203Z"}
{"level":"info","message":"POST /ap/v1/","timestamp":"2024-05-28T08:14:23.204Z"}
{"level":"info","message":"POST /generate-api-Key","timestamp":"2024-05-28T08:20:17.679Z"}
{"level":"info","message":"POST /api/v1/users/generate-api-Key","timestamp":"2024-05-28T08:21:51.431Z"}
{"level":"info","message":"POST /api/v1/users/generate-api-Key","timestamp":"2024-05-28T08:22:40.945Z"}
{"level":"info","message":"POST /api/v1/users/generate-api-Key","timestamp":"2024-05-28T08:23:06.703Z"}
{"level":"info","message":"POST /api/v1/users/generate-api-Key","timestamp":"2024-05-28T08:31:45.382Z"}
{"level":"info","message":"POST /api/v1/users/generate-api-Key","timestamp":"2024-05-28T08:33:24.343Z"}
{"level":"info","message":"POST /api/v1/users/generate-api-Key","timestamp":"2024-05-28T08:35:37.948Z"}
{"level":"info","message":"POST /api/v1/users/generate-api-Key","timestamp":"2024-05-28T09:06:01.165Z"}
{"level":"info","message":"GET /api/v1/jobs?apiKey=$2b$10$YICiKr.GdDxfPujzLBXmJ.maUDaP4TBi8gQFSwsZUoaOiVbZ6x5gq","timestamp":"2024-05-28T09:07:08.598Z"}
{"level":"info","message":"GET /api/v1/jobs?apiKey=$2b$10$YICiKr.GdDxfPujzLBXmJ.maUDaP4TBi8gQFSwsZUoaOiVbZ6x5gq","timestamp":"2024-05-28T09:16:21.063Z"}
{"level":"info","message":"GET /api/v1/jobs?apiKey=$2b$10$O4o4g3rduqmMSJ8bkcgK6uqIidNjRH3J7cyg.w64R5Bemmsoru9VC","timestamp":"2024-05-28T09:26:28.037Z"}
{"level":"info","message":"GET /api/v1/jobs?apiKey=$2b$10$O4o4g3rduqmMSJ8bkcgK6uqIidNjRH3J7cyg.w64R5Bemmsoru9VC","timestamp":"2024-05-28T09:26:56.790Z"}
{"level":"info","message":"GET /api/v1/jobs?apiKey=$2b$10$O4o4g3rduqmMSJ8bkcgK6uqIidNjRH3J7cyg.w64R5Bemmsoru9VC","timestamp":"2024-05-28T09:27:31.022Z"}
{"level":"info","message":"GET /api/v1/users/create","timestamp":"2024-05-28T17:14:20.605Z"}
{"level":"info","message":"GET /api/v1/users/create","timestamp":"2024-05-28T17:15:15.337Z"}
{"level":"info","message":"POST /api/v1/users/create","timestamp":"2024-05-28T17:16:31.634Z"}
{"level":"info","message":"POST /api/v1/users/create","timestamp":"2024-05-28T17:17:03.617Z"}
{"level":"info","message":"POST /api/v1/users/create","timestamp":"2024-05-28T17:17:09.335Z"}
{"level":"info","message":"GET /api/v1/users","timestamp":"2024-05-28T17:34:04.110Z"}
{"level":"info","message":"GET /api/v1/users","timestamp":"2024-05-28T17:34:26.945Z"}
{"level":"info","message":"GET /api/v1/jobs","timestamp":"2024-05-28T17:36:53.551Z"}
{"level":"info","message":"POST /api/v1/users/generate-api-Key","timestamp":"2024-05-28T17:52:35.492Z"}
{"level":"info","message":"POST /api/v1/jobs","timestamp":"2024-05-28T17:53:43.232Z"}
{"level":"info","message":"GET /api/v1/jobs","timestamp":"2024-05-28T17:54:01.973Z"}
{"level":"info","message":"GET /api/v1/jobs","timestamp":"2024-05-28T17:55:15.997Z"}
{"level":"info","message":"GET /api/v1/jobs","timestamp":"2024-05-28T17:59:31.393Z"}
{"level":"info","message":"GET /api/v1/jobs","timestamp":"2024-05-28T18:00:55.769Z"}
{"level":"info","message":"GET /api/v1/jobs","timestamp":"2024-05-28T18:09:46.079Z"}
{"level":"info","message":"POST /api/v1/users/generate-api-Key","timestamp":"2024-05-28T18:10:06.128Z"}
{"level":"info","message":"GET /api/v1/jobs","timestamp":"2024-05-28T18:12:33.315Z"}
{"level":"info","message":"GET /api/v1/jobs","timestamp":"2024-05-28T18:13:12.512Z"}
{"level":"info","message":"POST /api/v1/users/generate-api-Key","timestamp":"2024-05-28T18:17:22.694Z"}
{"level":"info","message":"GET /api/v1/jobs","timestamp":"2024-05-28T18:17:40.212Z"}
{"level":"info","message":"GET /api/v1/jobs","timestamp":"2024-05-28T18:17:50.630Z"}
{"level":"info","message":"GET /api/v1/jobs","timestamp":"2024-05-28T18:17:54.843Z"}
{"level":"info","message":"GET /api/v1/jobs","timestamp":"2024-05-28T19:17:55.035Z"}
{"level":"info","message":"GET /api/v1/jobs?title=developer","timestamp":"2024-05-28T19:19:04.736Z"}
{"level":"info","message":"GET /api/v1/jobs?title=php","timestamp":"2024-05-28T19:19:26.922Z"}
{"level":"info","message":"GET /api/v1/jobs?title=python","timestamp":"2024-05-28T19:20:02.920Z"}
{"level":"info","message":"GET /api/v1/jobs?title=Dejango","timestamp":"2024-05-28T19:20:23.558Z"}
{"level":"info","message":"GET /api/v1/jobs?title=Dejan","timestamp":"2024-05-28T19:20:27.365Z"}
{"level":"info","message":"GET /api/v1/jobs?title=Dej","timestamp":"2024-05-28T19:20:31.095Z"}
{"level":"info","message":"GET /api/v1/jobs?title=react","timestamp":"2024-05-28T19:20:42.902Z"}
{"level":"info","message":"GET /api/v1/jobs?title=python","timestamp":"2024-05-28T19:54:17.577Z"}
{"level":"info","message":"GET /api/v1/jobs?title=Dejango","timestamp":"2024-05-28T19:54:33.911Z"}
{"level":"info","message":"GET /api/v1/jobs?title=Django","timestamp":"2024-05-28T19:55:41.098Z"}
{"level":"info","message":"GET /api/v1/jobs?title=full%20stack&location=addis","timestamp":"2024-05-28T19:57:44.438Z"}
{"level":"info","message":"GET /api/v1/jobs?location=Ethiopia","timestamp":"2024-05-28T19:58:34.983Z"}
{"level":"info","message":"GET /api/v1/jobs?location=Ethiopia&type=Onsite","timestamp":"2024-05-28T19:59:51.436Z"}
{"level":"info","message":"GET /api/v1/jobs?location=Ethiopia&type=Onsite","timestamp":"2024-05-28T20:00:19.815Z"}
{"level":"info","message":"GET /api/v1/jobs?location=Ethiopia&type=fulltime","timestamp":"2024-05-28T20:00:31.287Z"}
{"level":"info","message":"GET /api/v1/jobs?location=Ethiopia&type=full","timestamp":"2024-05-28T20:00:34.118Z"}
{"level":"info","message":"GET /api/v1/jobs?location=Ethiopia","timestamp":"2024-05-28T20:00:45.511Z"}
{"level":"info","message":"GET /api/v1/jobs?location=Ethiopia&type=Full%20Time","timestamp":"2024-05-28T20:01:04.159Z"}
{"level":"info","message":"GET /api/v1/jobs?location=Addis&type=Full%20Time","timestamp":"2024-05-28T20:01:13.405Z"}
{"level":"info","message":"GET /api/v1/jobs?type=Full%20Time","timestamp":"2024-05-28T20:01:21.522Z"}
{"level":"info","message":"GET /api/v1/jobs?type=Full%20Time","timestamp":"2024-05-28T20:05:26.295Z"}
{"level":"info","message":"GET /api/v1/jobs?type=Remote%20-%20Contractual","timestamp":"2024-05-28T20:06:00.489Z"}
{"level":"info","message":"GET /api/v1/jobs?type=Remote%20-%20Contractual","timestamp":"2024-05-28T20:06:59.279Z"}
{"level":"info","message":"GET /api/v1/jobs?type=Remote%20-%20Contractual","timestamp":"2024-05-28T20:07:09.978Z"}
{"level":"info","message":"GET /api/v1/jobs?type=Remote%20-%20Contractual","timestamp":"2024-05-28T20:10:00.102Z"}
{"level":"info","message":"GET /api/v1/jobs?type=Remote%20-%20Contractual","timestamp":"2024-05-28T20:10:18.164Z"}
{"level":"info","message":"GET /api/v1/jobs?type=Remote%20-%20Contractual","timestamp":"2024-05-28T20:11:03.865Z"}
{"level":"info","message":"GET /api/v1/jobs?type=Remote%20-%20Contractual","timestamp":"2024-05-28T20:11:11.340Z"}
{"level":"info","message":"GET /api/v1/jobs?type=Remote%20-%20Contractual","timestamp":"2024-05-28T20:11:40.014Z"}
{"level":"info","message":"GET /api/v1/jobs?type=Remote%20-%20Contractual","timestamp":"2024-05-28T20:12:08.922Z"}
{"level":"info","message":"GET /api/v1/jobs?type=Remote%20-%20Contractual","timestamp":"2024-05-28T20:13:17.676Z"}
{"level":"info","message":"GET /api/v1/jobs?type=intern","timestamp":"2024-05-28T20:13:39.025Z"}
{"level":"info","message":"GET /jobs","timestamp":"2024-05-28T20:23:19.395Z"}
{"level":"info","message":"GET /api/v1/jobs","timestamp":"2024-05-28T20:27:10.087Z"}
{"level":"info","message":"GET /api/v1/jobs","timestamp":"2024-05-28T20:27:19.246Z"}
{"level":"info","message":"GET /api/auth/signin","timestamp":"2024-05-29T19:56:56.118Z"}
{"level":"info","message":"GET /api/v1/jobs","timestamp":"2024-05-29T20:05:41.751Z"}
{"level":"info","message":"GET /api/v1/jobs","timestamp":"2024-05-29T20:05:43.956Z"}
{"level":"info","message":"GET /api/v1/jobs","timestamp":"2024-05-29T20:05:47.160Z"}
{"level":"info","message":"GET /api/v1/jobs","timestamp":"2024-05-29T20:05:47.945Z"}
{"level":"info","message":"GET /api/v1/jobs","timestamp":"2024-05-29T20:05:48.582Z"}
{"level":"info","message":"GET /api/v1/jobs","timestamp":"2024-05-29T20:05:49.356Z"}
{"level":"info","message":"GET /api/v1/jobs","timestamp":"2024-05-29T20:06:06.000Z"}
{"level":"info","message":"GET /api/v1/jobs","timestamp":"2024-05-29T21:53:46.947Z"}
{"level":"info","message":"GET /api/v1/jobs","timestamp":"2024-05-29T21:53:52.987Z"}
{"level":"info","message":"GET /api/v1/jobs","timestamp":"2024-05-29T22:06:22.537Z"}
{"level":"info","message":"GET /api/v1/jobs","timestamp":"2024-05-29T22:07:34.205Z"}
{"level":"info","message":"POST /api/v1/users/generate-api-Key","timestamp":"2024-05-29T22:11:45.933Z"}
{"level":"info","message":"GET /api/v1/jobs","timestamp":"2024-05-29T22:13:34.105Z"}
{"level":"info","message":"GET /api/v1/jobs","timestamp":"2024-05-29T22:17:18.846Z"}
{"level":"info","message":"GET /api/auth/signin","timestamp":"2024-05-30T19:16:10.987Z"}
{"level":"info","message":"GET /api/v1/jobs","timestamp":"2024-05-30T19:16:43.787Z"}
{"level":"info","message":"GET /api/v1/jobs","timestamp":"2024-05-30T19:16:47.095Z"}
